[ 2013-12-10T09:00:01+08:00 ] 10.0.2.2 /
INFO: [ app_begin ] --START--
INFO: ReadHtmlCache Behavior ::run [ RunTime:0.004102s ]
INFO: [ app_begin ] --END-- [ RunTime:0.004203s ]
SQL: SHOW COLUMNS FROM `think_post` [ RunTime:0.000612s ]
SQL: SELECT COUNT(*) AS tp_count FROM `think_post` LIMIT 1   [ RunTime:0.000310s ]
SQL: SELECT * FROM `think_post` ORDER BY id desc LIMIT 0,5   [ RunTime:0.000073s ]
INFO: [ view_parse ] --START--
INFO: ParseTemplate Behavior ::run [ RunTime:0.053957s ]
INFO: [ view_parse ] --END-- [ RunTime:0.054040s ]
INFO: [ view_filter ] --START--
INFO: ContentReplace Behavior ::run [ RunTime:0.005019s ]
INFO: TokenBuild Behavior ::run [ RunTime:0.004779s ]
INFO: WriteHtmlCache Behavior ::run [ RunTime:0.003560s ]
INFO: ShowRuntime Behavior ::run [ RunTime:0.003614s ]
INFO: [ view_filter ] --END-- [ RunTime:0.017183s ]
INFO: [ view_end ] --START--
INFO: ShowPageTrace Behavior ::run [ RunTime:0.005614s ]
INFO: [ view_end ] --END-- [ RunTime:0.005711s ]

[ 2013-12-10T09:00:04+08:00 ] 10.0.2.2 /User/view/id/14
INFO: [ route_check ] --START--
INFO: CheckRoute Behavior ::run [ RunTime:0.006277s ]
INFO: [ route_check ] --END-- [ RunTime:0.006363s ]
INFO: [ app_begin ] --START--
INFO: ReadHtmlCache Behavior ::run [ RunTime:0.005321s ]
INFO: [ app_begin ] --END-- [ RunTime:0.005386s ]
NOTIC: 建议使用I方法替代_get
SQL: SHOW COLUMNS FROM `think_post` [ RunTime:0.000563s ]
SQL: SELECT * FROM `think_post` WHERE ( id="14" ) LIMIT 1   [ RunTime:0.000042s ]
SQL: SELECT * FROM `think_post` WHERE ( id<"14" ) ORDER BY id desc LIMIT 1   [ RunTime:0.000000s ]
SQL: SELECT * FROM `think_post` WHERE ( id>"14" ) ORDER BY id asc LIMIT 1   [ RunTime:0.000062s ]
INFO: [ view_parse ] --START--
INFO: ParseTemplate Behavior ::run [ RunTime:0.050656s ]
INFO: [ view_parse ] --END-- [ RunTime:0.050741s ]
INFO: [ view_filter ] --START--
INFO: ContentReplace Behavior ::run [ RunTime:0.004455s ]
INFO: TokenBuild Behavior ::run [ RunTime:0.005101s ]
INFO: WriteHtmlCache Behavior ::run [ RunTime:0.004912s ]
INFO: ShowRuntime Behavior ::run [ RunTime:0.004844s ]
INFO: [ view_filter ] --END-- [ RunTime:0.019481s ]
INFO: [ view_end ] --START--
INFO: ShowPageTrace Behavior ::run [ RunTime:0.004661s ]
INFO: [ view_end ] --END-- [ RunTime:0.004719s ]

[ 2013-12-10T09:00:06+08:00 ] 10.0.2.2 /User/view/id/
INFO: [ route_check ] --START--
INFO: CheckRoute Behavior ::run [ RunTime:0.005714s ]
INFO: [ route_check ] --END-- [ RunTime:0.005793s ]
INFO: [ app_begin ] --START--
INFO: ReadHtmlCache Behavior ::run [ RunTime:0.004571s ]
INFO: [ app_begin ] --END-- [ RunTime:0.004607s ]
NOTIC: 建议使用I方法替代_get
SQL: SHOW COLUMNS FROM `think_post` [ RunTime:0.000579s ]
SQL: SELECT * FROM `think_post` WHERE ( id="0" ) LIMIT 1   [ RunTime:0.000072s ]
SQL: SELECT * FROM `think_post` WHERE ( id<"0" ) ORDER BY id desc LIMIT 1   [ RunTime:0.000067s ]
SQL: SELECT * FROM `think_post` WHERE ( id>"0" ) ORDER BY id asc LIMIT 1   [ RunTime:0.000055s ]
INFO: [ view_parse ] --START--
INFO: ParseTemplate Behavior ::run [ RunTime:0.041974s ]
INFO: [ view_parse ] --END-- [ RunTime:0.042063s ]
INFO: [ view_filter ] --START--
INFO: ContentReplace Behavior ::run [ RunTime:0.003650s ]
INFO: TokenBuild Behavior ::run [ RunTime:0.003261s ]
INFO: WriteHtmlCache Behavior ::run [ RunTime:0.003707s ]
INFO: ShowRuntime Behavior ::run [ RunTime:0.003434s ]
INFO: [ view_filter ] --END-- [ RunTime:0.014336s ]
INFO: [ view_end ] --START--
INFO: ShowPageTrace Behavior ::run [ RunTime:0.005834s ]
INFO: [ view_end ] --END-- [ RunTime:0.005911s ]

[ 2013-12-10T09:01:57+08:00 ] 10.0.2.2 /User/view/id/
INFO: [ route_check ] --START--
INFO: CheckRoute Behavior ::run [ RunTime:0.006131s ]
INFO: [ route_check ] --END-- [ RunTime:0.006220s ]
INFO: [ app_begin ] --START--
INFO: ReadHtmlCache Behavior ::run [ RunTime:0.005204s ]
INFO: [ app_begin ] --END-- [ RunTime:0.005304s ]
NOTIC: 建议使用I方法替代_get
SQL: SHOW COLUMNS FROM `think_post` [ RunTime:0.000560s ]
SQL: SELECT * FROM `think_post` WHERE ( id="0" ) LIMIT 1   [ RunTime:0.000084s ]
SQL: SELECT * FROM `think_post` WHERE ( id<"0" ) ORDER BY id desc LIMIT 1   [ RunTime:0.000059s ]
SQL: SELECT * FROM `think_post` WHERE ( id>"0" ) ORDER BY id asc LIMIT 1   [ RunTime:0.000059s ]
INFO: [ view_parse ] --START--
INFO: ParseTemplate Behavior ::run [ RunTime:0.059098s ]
INFO: [ view_parse ] --END-- [ RunTime:0.059200s ]
INFO: [ view_filter ] --START--
INFO: ContentReplace Behavior ::run [ RunTime:0.004794s ]
INFO: TokenBuild Behavior ::run [ RunTime:0.004896s ]
INFO: WriteHtmlCache Behavior ::run [ RunTime:0.004606s ]
INFO: ShowRuntime Behavior ::run [ RunTime:0.004769s ]
INFO: [ view_filter ] --END-- [ RunTime:0.019257s ]
INFO: [ view_end ] --START--
INFO: ShowPageTrace Behavior ::run [ RunTime:0.006103s ]
INFO: [ view_end ] --END-- [ RunTime:0.006170s ]

[ 2013-12-10T09:02:20+08:00 ] 10.0.2.2 /User/view/id/
INFO: [ route_check ] --START--
INFO: CheckRoute Behavior ::run [ RunTime:0.005831s ]
INFO: [ route_check ] --END-- [ RunTime:0.005911s ]
INFO: [ app_begin ] --START--
INFO: ReadHtmlCache Behavior ::run [ RunTime:0.004144s ]
INFO: [ app_begin ] --END-- [ RunTime:0.004235s ]
NOTIC: 建议使用I方法替代_get
SQL: SHOW COLUMNS FROM `think_post` [ RunTime:0.000549s ]
SQL: SELECT * FROM `think_post` WHERE ( id="0" ) LIMIT 1   [ RunTime:0.000072s ]
SQL: SELECT * FROM `think_post` WHERE ( id<"0" ) ORDER BY id desc LIMIT 1   [ RunTime:0.000057s ]
SQL: SELECT * FROM `think_post` WHERE ( id>"0" ) ORDER BY id asc LIMIT 1   [ RunTime:0.000054s ]
INFO: [ view_parse ] --START--
INFO: ParseTemplate Behavior ::run [ RunTime:0.053927s ]
INFO: [ view_parse ] --END-- [ RunTime:0.054013s ]
INFO: [ view_filter ] --START--
INFO: ContentReplace Behavior ::run [ RunTime:0.005395s ]
INFO: TokenBuild Behavior ::run [ RunTime:0.004714s ]
INFO: WriteHtmlCache Behavior ::run [ RunTime:0.005598s ]
INFO: ShowRuntime Behavior ::run [ RunTime:0.005091s ]
INFO: [ view_filter ] --END-- [ RunTime:0.020972s ]
INFO: [ view_end ] --START--
INFO: ShowPageTrace Behavior ::run [ RunTime:0.003946s ]
INFO: [ view_end ] --END-- [ RunTime:0.004002s ]

[ 2013-12-10T09:02:24+08:00 ] 10.0.2.2 /User/view/id/4
INFO: [ route_check ] --START--
INFO: CheckRoute Behavior ::run [ RunTime:0.007752s ]
INFO: [ route_check ] --END-- [ RunTime:0.007897s ]
INFO: [ app_begin ] --START--
INFO: ReadHtmlCache Behavior ::run [ RunTime:0.012713s ]
INFO: [ app_begin ] --END-- [ RunTime:0.012786s ]
NOTIC: 建议使用I方法替代_get
SQL: SHOW COLUMNS FROM `think_post` [ RunTime:0.000557s ]
SQL: SELECT * FROM `think_post` WHERE ( id="4" ) LIMIT 1   [ RunTime:0.000080s ]
SQL: SELECT * FROM `think_post` WHERE ( id<"4" ) ORDER BY id desc LIMIT 1   [ RunTime:0.000064s ]
SQL: SELECT * FROM `think_post` WHERE ( id>"4" ) ORDER BY id asc LIMIT 1   [ RunTime:0.001234s ]
INFO: [ view_parse ] --START--
INFO: ParseTemplate Behavior ::run [ RunTime:0.048176s ]
INFO: [ view_parse ] --END-- [ RunTime:0.048259s ]
INFO: [ view_filter ] --START--
INFO: ContentReplace Behavior ::run [ RunTime:0.004674s ]
INFO: TokenBuild Behavior ::run [ RunTime:0.004493s ]
INFO: WriteHtmlCache Behavior ::run [ RunTime:0.004964s ]
INFO: ShowRuntime Behavior ::run [ RunTime:0.004884s ]
INFO: [ view_filter ] --END-- [ RunTime:0.019191s ]
INFO: [ view_end ] --START--
INFO: ShowPageTrace Behavior ::run [ RunTime:0.004740s ]
INFO: [ view_end ] --END-- [ RunTime:0.004815s ]

[ 2013-12-10T09:02:26+08:00 ] 10.0.2.2 /User/view/id/5
INFO: [ route_check ] --START--
INFO: CheckRoute Behavior ::run [ RunTime:0.003439s ]
INFO: [ route_check ] --END-- [ RunTime:0.003519s ]
INFO: [ app_begin ] --START--
INFO: ReadHtmlCache Behavior ::run [ RunTime:0.003459s ]
INFO: [ app_begin ] --END-- [ RunTime:0.003523s ]
NOTIC: 建议使用I方法替代_get
SQL: SHOW COLUMNS FROM `think_post` [ RunTime:0.000596s ]
SQL: SELECT * FROM `think_post` WHERE ( id="5" ) LIMIT 1   [ RunTime:0.000076s ]
SQL: SELECT * FROM `think_post` WHERE ( id<"5" ) ORDER BY id desc LIMIT 1   [ RunTime:0.000059s ]
SQL: SELECT * FROM `think_post` WHERE ( id>"5" ) ORDER BY id asc LIMIT 1   [ RunTime:0.000059s ]
INFO: [ view_parse ] --START--
INFO: ParseTemplate Behavior ::run [ RunTime:0.038774s ]
INFO: [ view_parse ] --END-- [ RunTime:0.038855s ]
INFO: [ view_filter ] --START--
INFO: ContentReplace Behavior ::run [ RunTime:0.004460s ]
INFO: TokenBuild Behavior ::run [ RunTime:0.003573s ]
INFO: WriteHtmlCache Behavior ::run [ RunTime:0.003506s ]
INFO: ShowRuntime Behavior ::run [ RunTime:0.003365s ]
INFO: [ view_filter ] --END-- [ RunTime:0.015086s ]
INFO: [ view_end ] --START--
INFO: ShowPageTrace Behavior ::run [ RunTime:0.003545s ]
INFO: [ view_end ] --END-- [ RunTime:0.003598s ]

[ 2013-12-10T09:03:46+08:00 ] 10.0.2.2 /User/view/id/5
INFO: [ route_check ] --START--
INFO: CheckRoute Behavior ::run [ RunTime:0.003190s ]
INFO: [ route_check ] --END-- [ RunTime:0.003278s ]
INFO: [ app_begin ] --START--
INFO: ReadHtmlCache Behavior ::run [ RunTime:0.003909s ]
INFO: [ app_begin ] --END-- [ RunTime:0.003958s ]
NOTIC: 建议使用I方法替代_get
SQL: SHOW COLUMNS FROM `think_post` [ RunTime:0.000557s ]
SQL: SELECT * FROM `think_post` WHERE ( id="5" ) LIMIT 1   [ RunTime:0.000075s ]
SQL: SELECT * FROM `think_post` WHERE ( id<"5" ) ORDER BY id desc LIMIT 1   [ RunTime:0.000060s ]
SQL: SELECT * FROM `think_post` WHERE ( id>"5" ) ORDER BY id asc LIMIT 1   [ RunTime:0.000059s ]
INFO: [ view_parse ] --START--
INFO: ParseTemplate Behavior ::run [ RunTime:0.039338s ]
INFO: [ view_parse ] --END-- [ RunTime:0.039425s ]
INFO: [ view_filter ] --START--
INFO: ContentReplace Behavior ::run [ RunTime:0.003588s ]
INFO: TokenBuild Behavior ::run [ RunTime:0.003453s ]
INFO: WriteHtmlCache Behavior ::run [ RunTime:0.003424s ]
INFO: ShowRuntime Behavior ::run [ RunTime:0.003112s ]
INFO: [ view_filter ] --END-- [ RunTime:0.013744s ]
INFO: [ view_end ] --START--
INFO: ShowPageTrace Behavior ::run [ RunTime:0.002861s ]
INFO: [ view_end ] --END-- [ RunTime:0.002910s ]

[ 2013-12-10T09:03:47+08:00 ] 10.0.2.2 /User/view/id/6
INFO: [ route_check ] --START--
INFO: CheckRoute Behavior ::run [ RunTime:0.004232s ]
INFO: [ route_check ] --END-- [ RunTime:0.004311s ]
INFO: [ app_begin ] --START--
INFO: ReadHtmlCache Behavior ::run [ RunTime:0.003936s ]
INFO: [ app_begin ] --END-- [ RunTime:0.004001s ]
NOTIC: 建议使用I方法替代_get
SQL: SHOW COLUMNS FROM `think_post` [ RunTime:0.008691s ]
SQL: SELECT * FROM `think_post` WHERE ( id="6" ) LIMIT 1   [ RunTime:0.000102s ]
SQL: SELECT * FROM `think_post` WHERE ( id<"6" ) ORDER BY id desc LIMIT 1   [ RunTime:0.000059s ]
SQL: SELECT * FROM `think_post` WHERE ( id>"6" ) ORDER BY id asc LIMIT 1   [ RunTime:0.000058s ]
INFO: [ view_parse ] --START--
INFO: ParseTemplate Behavior ::run [ RunTime:0.045117s ]
INFO: [ view_parse ] --END-- [ RunTime:0.045196s ]
INFO: [ view_filter ] --START--
INFO: ContentReplace Behavior ::run [ RunTime:0.003952s ]
INFO: TokenBuild Behavior ::run [ RunTime:0.002728s ]
INFO: WriteHtmlCache Behavior ::run [ RunTime:0.002261s ]
INFO: ShowRuntime Behavior ::run [ RunTime:0.002544s ]
INFO: [ view_filter ] --END-- [ RunTime:0.011665s ]
INFO: [ view_end ] --START--
INFO: ShowPageTrace Behavior ::run [ RunTime:0.005591s ]
INFO: [ view_end ] --END-- [ RunTime:0.005688s ]

[ 2013-12-10T09:03:48+08:00 ] 10.0.2.2 /User/view/id/7
INFO: [ route_check ] --START--
INFO: CheckRoute Behavior ::run [ RunTime:0.004161s ]
INFO: [ route_check ] --END-- [ RunTime:0.004345s ]
INFO: [ app_begin ] --START--
INFO: ReadHtmlCache Behavior ::run [ RunTime:0.003683s ]
INFO: [ app_begin ] --END-- [ RunTime:0.003730s ]
NOTIC: 建议使用I方法替代_get
SQL: SHOW COLUMNS FROM `think_post` [ RunTime:0.000567s ]
SQL: SELECT * FROM `think_post` WHERE ( id="7" ) LIMIT 1   [ RunTime:0.000083s ]
SQL: SELECT * FROM `think_post` WHERE ( id<"7" ) ORDER BY id desc LIMIT 1   [ RunTime:0.000061s ]
SQL: SELECT * FROM `think_post` WHERE ( id>"7" ) ORDER BY id asc LIMIT 1   [ RunTime:0.000057s ]
INFO: [ view_parse ] --START--
INFO: ParseTemplate Behavior ::run [ RunTime:0.051493s ]
INFO: [ view_parse ] --END-- [ RunTime:0.051601s ]
INFO: [ view_filter ] --START--
INFO: ContentReplace Behavior ::run [ RunTime:0.003616s ]
INFO: TokenBuild Behavior ::run [ RunTime:0.003231s ]
INFO: WriteHtmlCache Behavior ::run [ RunTime:0.003203s ]
INFO: ShowRuntime Behavior ::run [ RunTime:0.003389s ]
INFO: [ view_filter ] --END-- [ RunTime:0.013668s ]
INFO: [ view_end ] --START--
INFO: ShowPageTrace Behavior ::run [ RunTime:0.003756s ]
INFO: [ view_end ] --END-- [ RunTime:0.003798s ]

[ 2013-12-10T09:03:50+08:00 ] 10.0.2.2 /User/view/id/8
INFO: [ route_check ] --START--
INFO: CheckRoute Behavior ::run [ RunTime:0.004973s ]
INFO: [ route_check ] --END-- [ RunTime:0.005058s ]
INFO: [ app_begin ] --START--
INFO: ReadHtmlCache Behavior ::run [ RunTime:0.003083s ]
INFO: [ app_begin ] --END-- [ RunTime:0.003169s ]
NOTIC: 建议使用I方法替代_get
SQL: SHOW COLUMNS FROM `think_post` [ RunTime:0.000541s ]
SQL: SELECT * FROM `think_post` WHERE ( id="8" ) LIMIT 1   [ RunTime:0.000079s ]
SQL: SELECT * FROM `think_post` WHERE ( id<"8" ) ORDER BY id desc LIMIT 1   [ RunTime:0.000062s ]
SQL: SELECT * FROM `think_post` WHERE ( id>"8" ) ORDER BY id asc LIMIT 1   [ RunTime:0.000057s ]
INFO: [ view_parse ] --START--
INFO: ParseTemplate Behavior ::run [ RunTime:0.040275s ]
INFO: [ view_parse ] --END-- [ RunTime:0.040376s ]
INFO: [ view_filter ] --START--
INFO: ContentReplace Behavior ::run [ RunTime:0.004893s ]
INFO: TokenBuild Behavior ::run [ RunTime:0.003434s ]
INFO: WriteHtmlCache Behavior ::run [ RunTime:0.004384s ]
INFO: ShowRuntime Behavior ::run [ RunTime:0.003617s ]
INFO: [ view_filter ] --END-- [ RunTime:0.016494s ]
INFO: [ view_end ] --START--
INFO: ShowPageTrace Behavior ::run [ RunTime:0.004536s ]
INFO: [ view_end ] --END-- [ RunTime:0.004590s ]

[ 2013-12-10T09:03:51+08:00 ] 10.0.2.2 /User/view/id/9
INFO: [ route_check ] --START--
INFO: CheckRoute Behavior ::run [ RunTime:0.012108s ]
INFO: [ route_check ] --END-- [ RunTime:0.012194s ]
INFO: [ app_begin ] --START--
INFO: ReadHtmlCache Behavior ::run [ RunTime:0.004217s ]
INFO: [ app_begin ] --END-- [ RunTime:0.004285s ]
NOTIC: 建议使用I方法替代_get
SQL: SHOW COLUMNS FROM `think_post` [ RunTime:0.000547s ]
SQL: SELECT * FROM `think_post` WHERE ( id="9" ) LIMIT 1   [ RunTime:0.000077s ]
SQL: SELECT * FROM `think_post` WHERE ( id<"9" ) ORDER BY id desc LIMIT 1   [ RunTime:0.000058s ]
SQL: SELECT * FROM `think_post` WHERE ( id>"9" ) ORDER BY id asc LIMIT 1   [ RunTime:0.000059s ]
INFO: [ view_parse ] --START--
INFO: ParseTemplate Behavior ::run [ RunTime:0.043390s ]
INFO: [ view_parse ] --END-- [ RunTime:0.043479s ]
INFO: [ view_filter ] --START--
INFO: ContentReplace Behavior ::run [ RunTime:0.004841s ]
INFO: TokenBuild Behavior ::run [ RunTime:0.003521s ]
INFO: WriteHtmlCache Behavior ::run [ RunTime:0.002403s ]
INFO: ShowRuntime Behavior ::run [ RunTime:0.003982s ]
INFO: [ view_filter ] --END-- [ RunTime:0.015004s ]
INFO: [ view_end ] --START--
INFO: ShowPageTrace Behavior ::run [ RunTime:0.004907s ]
INFO: [ view_end ] --END-- [ RunTime:0.004997s ]

[ 2013-12-10T09:03:53+08:00 ] 10.0.2.2 /User/view/id/10
INFO: [ route_check ] --START--
INFO: CheckRoute Behavior ::run [ RunTime:0.004104s ]
INFO: [ route_check ] --END-- [ RunTime:0.004178s ]
INFO: [ app_begin ] --START--
INFO: ReadHtmlCache Behavior ::run [ RunTime:0.004982s ]
INFO: [ app_begin ] --END-- [ RunTime:0.005050s ]
NOTIC: 建议使用I方法替代_get
SQL: SHOW COLUMNS FROM `think_post` [ RunTime:0.001198s ]
SQL: SELECT * FROM `think_post` WHERE ( id="10" ) LIMIT 1   [ RunTime:0.000226s ]
SQL: SELECT * FROM `think_post` WHERE ( id<"10" ) ORDER BY id desc LIMIT 1   [ RunTime:0.000108s ]
SQL: SELECT * FROM `think_post` WHERE ( id>"10" ) ORDER BY id asc LIMIT 1   [ RunTime:0.000113s ]
INFO: [ view_parse ] --START--
INFO: ParseTemplate Behavior ::run [ RunTime:0.038754s ]
INFO: [ view_parse ] --END-- [ RunTime:0.038850s ]
INFO: [ view_filter ] --START--
INFO: ContentReplace Behavior ::run [ RunTime:0.003446s ]
INFO: TokenBuild Behavior ::run [ RunTime:0.002612s ]
INFO: WriteHtmlCache Behavior ::run [ RunTime:0.002348s ]
INFO: ShowRuntime Behavior ::run [ RunTime:0.002647s ]
INFO: [ view_filter ] --END-- [ RunTime:0.011298s ]
INFO: [ view_end ] --START--
INFO: ShowPageTrace Behavior ::run [ RunTime:0.003443s ]
INFO: [ view_end ] --END-- [ RunTime:0.003502s ]

[ 2013-12-10T09:03:54+08:00 ] 10.0.2.2 /User/view/id/11
INFO: [ route_check ] --START--
INFO: CheckRoute Behavior ::run [ RunTime:0.004662s ]
INFO: [ route_check ] --END-- [ RunTime:0.004756s ]
INFO: [ app_begin ] --START--
INFO: ReadHtmlCache Behavior ::run [ RunTime:0.004130s ]
INFO: [ app_begin ] --END-- [ RunTime:0.004190s ]
NOTIC: 建议使用I方法替代_get
SQL: SHOW COLUMNS FROM `think_post` [ RunTime:0.000706s ]
SQL: SELECT * FROM `think_post` WHERE ( id="11" ) LIMIT 1   [ RunTime:0.000087s ]
SQL: SELECT * FROM `think_post` WHERE ( id<"11" ) ORDER BY id desc LIMIT 1   [ RunTime:0.000287s ]
SQL: SELECT * FROM `think_post` WHERE ( id>"11" ) ORDER BY id asc LIMIT 1   [ RunTime:0.000150s ]
INFO: [ view_parse ] --START--
INFO: ParseTemplate Behavior ::run [ RunTime:0.041647s ]
INFO: [ view_parse ] --END-- [ RunTime:0.041735s ]
INFO: [ view_filter ] --START--
INFO: ContentReplace Behavior ::run [ RunTime:0.005314s ]
INFO: TokenBuild Behavior ::run [ RunTime:0.003952s ]
INFO: WriteHtmlCache Behavior ::run [ RunTime:0.003558s ]
INFO: ShowRuntime Behavior ::run [ RunTime:0.003427s ]
INFO: [ view_filter ] --END-- [ RunTime:0.016436s ]
INFO: [ view_end ] --START--
INFO: ShowPageTrace Behavior ::run [ RunTime:0.003751s ]
INFO: [ view_end ] --END-- [ RunTime:0.003814s ]

[ 2013-12-10T09:03:55+08:00 ] 10.0.2.2 /User/view/id/12
INFO: [ route_check ] --START--
INFO: CheckRoute Behavior ::run [ RunTime:0.004043s ]
INFO: [ route_check ] --END-- [ RunTime:0.004128s ]
INFO: [ app_begin ] --START--
INFO: ReadHtmlCache Behavior ::run [ RunTime:0.004073s ]
INFO: [ app_begin ] --END-- [ RunTime:0.004149s ]
NOTIC: 建议使用I方法替代_get
SQL: SHOW COLUMNS FROM `think_post` [ RunTime:0.000535s ]
SQL: SELECT * FROM `think_post` WHERE ( id="12" ) LIMIT 1   [ RunTime:0.000076s ]
SQL: SELECT * FROM `think_post` WHERE ( id<"12" ) ORDER BY id desc LIMIT 1   [ RunTime:0.000058s ]
SQL: SELECT * FROM `think_post` WHERE ( id>"12" ) ORDER BY id asc LIMIT 1   [ RunTime:0.000058s ]
INFO: [ view_parse ] --START--
INFO: ParseTemplate Behavior ::run [ RunTime:0.038669s ]
INFO: [ view_parse ] --END-- [ RunTime:0.038794s ]
INFO: [ view_filter ] --START--
INFO: ContentReplace Behavior ::run [ RunTime:0.003827s ]
INFO: TokenBuild Behavior ::run [ RunTime:0.003495s ]
INFO: WriteHtmlCache Behavior ::run [ RunTime:0.003377s ]
INFO: ShowRuntime Behavior ::run [ RunTime:0.003118s ]
INFO: [ view_filter ] --END-- [ RunTime:0.013994s ]
INFO: [ view_end ] --START--
INFO: ShowPageTrace Behavior ::run [ RunTime:0.005075s ]
INFO: [ view_end ] --END-- [ RunTime:0.005127s ]

[ 2013-12-10T09:03:57+08:00 ] 10.0.2.2 /User/view/id/14
INFO: [ route_check ] --START--
INFO: CheckRoute Behavior ::run [ RunTime:0.005101s ]
INFO: [ route_check ] --END-- [ RunTime:0.005178s ]
INFO: [ app_begin ] --START--
INFO: ReadHtmlCache Behavior ::run [ RunTime:0.005100s ]
INFO: [ app_begin ] --END-- [ RunTime:0.005168s ]
NOTIC: 建议使用I方法替代_get
SQL: SHOW COLUMNS FROM `think_post` [ RunTime:0.000540s ]
SQL: SELECT * FROM `think_post` WHERE ( id="14" ) LIMIT 1   [ RunTime:0.000073s ]
SQL: SELECT * FROM `think_post` WHERE ( id<"14" ) ORDER BY id desc LIMIT 1   [ RunTime:0.000056s ]
SQL: SELECT * FROM `think_post` WHERE ( id>"14" ) ORDER BY id asc LIMIT 1   [ RunTime:0.000058s ]
INFO: [ view_parse ] --START--
INFO: ParseTemplate Behavior ::run [ RunTime:0.055408s ]
INFO: [ view_parse ] --END-- [ RunTime:0.055492s ]
INFO: [ view_filter ] --START--
INFO: ContentReplace Behavior ::run [ RunTime:0.004845s ]
INFO: TokenBuild Behavior ::run [ RunTime:0.003441s ]
INFO: WriteHtmlCache Behavior ::run [ RunTime:0.003446s ]
INFO: ShowRuntime Behavior ::run [ RunTime:0.002319s ]
INFO: [ view_filter ] --END-- [ RunTime:0.014221s ]
INFO: [ view_end ] --START--
INFO: ShowPageTrace Behavior ::run [ RunTime:0.004685s ]
INFO: [ view_end ] --END-- [ RunTime:0.004749s ]

[ 2013-12-10T09:04:21+08:00 ] 10.0.2.2 /User/view/id/12
INFO: [ route_check ] --START--
INFO: CheckRoute Behavior ::run [ RunTime:0.006604s ]
INFO: [ route_check ] --END-- [ RunTime:0.006680s ]
INFO: [ app_begin ] --START--
INFO: ReadHtmlCache Behavior ::run [ RunTime:0.004529s ]
INFO: [ app_begin ] --END-- [ RunTime:0.004600s ]
NOTIC: 建议使用I方法替代_get
SQL: SHOW COLUMNS FROM `think_post` [ RunTime:0.001621s ]
SQL: SELECT * FROM `think_post` WHERE ( id="12" ) LIMIT 1   [ RunTime:0.000185s ]
SQL: SELECT * FROM `think_post` WHERE ( id<"12" ) ORDER BY id desc LIMIT 1   [ RunTime:0.000059s ]
SQL: SELECT * FROM `think_post` WHERE ( id>"12" ) ORDER BY id asc LIMIT 1   [ RunTime:0.000056s ]
INFO: [ view_parse ] --START--
INFO: ParseTemplate Behavior ::run [ RunTime:0.049181s ]
INFO: [ view_parse ] --END-- [ RunTime:0.049295s ]
INFO: [ view_filter ] --START--
INFO: ContentReplace Behavior ::run [ RunTime:0.003995s ]
INFO: TokenBuild Behavior ::run [ RunTime:0.004548s ]
INFO: WriteHtmlCache Behavior ::run [ RunTime:0.003947s ]
INFO: ShowRuntime Behavior ::run [ RunTime:0.003637s ]
INFO: [ view_filter ] --END-- [ RunTime:0.016283s ]
INFO: [ view_end ] --START--
INFO: ShowPageTrace Behavior ::run [ RunTime:0.004034s ]
INFO: [ view_end ] --END-- [ RunTime:0.004123s ]

[ 2013-12-10T09:04:28+08:00 ] 10.0.2.2 /
INFO: [ app_begin ] --START--
INFO: ReadHtmlCache Behavior ::run [ RunTime:0.005061s ]
INFO: [ app_begin ] --END-- [ RunTime:0.005166s ]
SQL: SHOW COLUMNS FROM `think_post` [ RunTime:0.000549s ]
SQL: SELECT COUNT(*) AS tp_count FROM `think_post` LIMIT 1   [ RunTime:0.000125s ]
SQL: SELECT * FROM `think_post` ORDER BY id desc LIMIT 0,5   [ RunTime:0.000064s ]
INFO: [ view_parse ] --START--
INFO: ParseTemplate Behavior ::run [ RunTime:0.056076s ]
INFO: [ view_parse ] --END-- [ RunTime:0.056180s ]
INFO: [ view_filter ] --START--
INFO: ContentReplace Behavior ::run [ RunTime:0.004712s ]
INFO: TokenBuild Behavior ::run [ RunTime:0.004973s ]
INFO: WriteHtmlCache Behavior ::run [ RunTime:0.004694s ]
INFO: ShowRuntime Behavior ::run [ RunTime:0.004871s ]
INFO: [ view_filter ] --END-- [ RunTime:0.019434s ]
INFO: [ view_end ] --START--
INFO: ShowPageTrace Behavior ::run [ RunTime:0.005116s ]
INFO: [ view_end ] --END-- [ RunTime:0.005258s ]

[ 2013-12-10T09:04:29+08:00 ] 10.0.2.2 /User/view/id/11
INFO: [ route_check ] --START--
INFO: CheckRoute Behavior ::run [ RunTime:0.005659s ]
INFO: [ route_check ] --END-- [ RunTime:0.005766s ]
INFO: [ app_begin ] --START--
INFO: ReadHtmlCache Behavior ::run [ RunTime:0.004439s ]
INFO: [ app_begin ] --END-- [ RunTime:0.004521s ]
NOTIC: 建议使用I方法替代_get
SQL: SHOW COLUMNS FROM `think_post` [ RunTime:0.000677s ]
SQL: SELECT * FROM `think_post` WHERE ( id="11" ) LIMIT 1   [ RunTime:0.000093s ]
SQL: SELECT * FROM `think_post` WHERE ( id<"11" ) ORDER BY id desc LIMIT 1   [ RunTime:0.000065s ]
SQL: SELECT * FROM `think_post` WHERE ( id>"11" ) ORDER BY id asc LIMIT 1   [ RunTime:0.000058s ]
INFO: [ view_parse ] --START--
INFO: ParseTemplate Behavior ::run [ RunTime:0.055170s ]
INFO: [ view_parse ] --END-- [ RunTime:0.055281s ]
INFO: [ view_filter ] --START--
INFO: ContentReplace Behavior ::run [ RunTime:0.003043s ]
INFO: TokenBuild Behavior ::run [ RunTime:0.003800s ]
INFO: WriteHtmlCache Behavior ::run [ RunTime:0.004210s ]
INFO: ShowRuntime Behavior ::run [ RunTime:0.005245s ]
INFO: [ view_filter ] --END-- [ RunTime:0.016536s ]
INFO: [ view_end ] --START--
INFO: ShowPageTrace Behavior ::run [ RunTime:0.005730s ]
INFO: [ view_end ] --END-- [ RunTime:0.005794s ]

[ 2013-12-10T09:05:19+08:00 ] 10.0.2.2 /User/view/id/11
INFO: [ route_check ] --START--
INFO: CheckRoute Behavior ::run [ RunTime:0.004870s ]
INFO: [ route_check ] --END-- [ RunTime:0.004950s ]
INFO: [ app_begin ] --START--
INFO: ReadHtmlCache Behavior ::run [ RunTime:0.003728s ]
INFO: [ app_begin ] --END-- [ RunTime:0.003792s ]
NOTIC: 建议使用I方法替代_get
SQL: SHOW COLUMNS FROM `think_post` [ RunTime:0.000550s ]
SQL: SELECT * FROM `think_post` WHERE ( id="11" ) LIMIT 1   [ RunTime:0.000076s ]
SQL: SELECT * FROM `think_post` WHERE ( id<"11" ) ORDER BY id desc LIMIT 1   [ RunTime:0.000059s ]
SQL: SELECT * FROM `think_post` WHERE ( id>"11" ) ORDER BY id asc LIMIT 1   [ RunTime:0.000059s ]
INFO: [ view_parse ] --START--
INFO: ParseTemplate Behavior ::run [ RunTime:0.045136s ]
INFO: [ view_parse ] --END-- [ RunTime:0.045224s ]
INFO: [ view_filter ] --START--
INFO: ContentReplace Behavior ::run [ RunTime:0.004866s ]
INFO: TokenBuild Behavior ::run [ RunTime:0.002303s ]
INFO: WriteHtmlCache Behavior ::run [ RunTime:0.002475s ]
INFO: ShowRuntime Behavior ::run [ RunTime:0.002907s ]
INFO: [ view_filter ] --END-- [ RunTime:0.012753s ]
INFO: [ view_end ] --START--
INFO: ShowPageTrace Behavior ::run [ RunTime:0.003177s ]
INFO: [ view_end ] --END-- [ RunTime:0.003242s ]

[ 2013-12-10T09:06:15+08:00 ] 10.0.2.2 /User/view/id/11
INFO: [ route_check ] --START--
INFO: CheckRoute Behavior ::run [ RunTime:0.005218s ]
INFO: [ route_check ] --END-- [ RunTime:0.005300s ]
INFO: [ app_begin ] --START--
INFO: ReadHtmlCache Behavior ::run [ RunTime:0.003751s ]
INFO: [ app_begin ] --END-- [ RunTime:0.003802s ]
NOTIC: 建议使用I方法替代_get
SQL: SHOW COLUMNS FROM `think_post` [ RunTime:0.000549s ]
SQL: SELECT * FROM `think_post` WHERE ( id="11" ) LIMIT 1   [ RunTime:0.000094s ]
SQL: SELECT * FROM `think_post` WHERE ( id<"11" ) ORDER BY id desc LIMIT 1   [ RunTime:0.000060s ]
SQL: SELECT * FROM `think_post` WHERE ( id>"11" ) ORDER BY id asc LIMIT 1   [ RunTime:0.000059s ]
INFO: [ view_parse ] --START--
INFO: ParseTemplate Behavior ::run [ RunTime:0.041418s ]
INFO: [ view_parse ] --END-- [ RunTime:0.041501s ]
INFO: [ view_filter ] --START--
INFO: ContentReplace Behavior ::run [ RunTime:0.004497s ]
INFO: TokenBuild Behavior ::run [ RunTime:0.002719s ]
INFO: WriteHtmlCache Behavior ::run [ RunTime:0.002350s ]
INFO: ShowRuntime Behavior ::run [ RunTime:0.002346s ]
INFO: [ view_filter ] --END-- [ RunTime:0.012089s ]
INFO: [ view_end ] --START--
INFO: ShowPageTrace Behavior ::run [ RunTime:0.012025s ]
INFO: [ view_end ] --END-- [ RunTime:0.012091s ]

[ 2013-12-10T09:06:51+08:00 ] 10.0.2.2 /User/view/id/11
INFO: [ route_check ] --START--
INFO: CheckRoute Behavior ::run [ RunTime:0.005188s ]
INFO: [ route_check ] --END-- [ RunTime:0.005273s ]
INFO: [ app_begin ] --START--
INFO: ReadHtmlCache Behavior ::run [ RunTime:0.005679s ]
INFO: [ app_begin ] --END-- [ RunTime:0.005747s ]
NOTIC: 建议使用I方法替代_get
SQL: SHOW COLUMNS FROM `think_post` [ RunTime:0.000566s ]
SQL: SELECT * FROM `think_post` WHERE ( id="11" ) LIMIT 1   [ RunTime:0.000079s ]
SQL: SELECT * FROM `think_post` WHERE ( id<"11" ) ORDER BY id desc LIMIT 1   [ RunTime:0.000055s ]
SQL: SELECT * FROM `think_post` WHERE ( id>"11" ) ORDER BY id asc LIMIT 1   [ RunTime:0.000055s ]
INFO: [ view_parse ] --START--
INFO: ParseTemplate Behavior ::run [ RunTime:0.047792s ]
INFO: [ view_parse ] --END-- [ RunTime:0.047887s ]
INFO: [ view_filter ] --START--
INFO: ContentReplace Behavior ::run [ RunTime:0.005053s ]
INFO: TokenBuild Behavior ::run [ RunTime:0.004678s ]
INFO: WriteHtmlCache Behavior ::run [ RunTime:0.004947s ]
INFO: ShowRuntime Behavior ::run [ RunTime:0.005319s ]
INFO: [ view_filter ] --END-- [ RunTime:0.020199s ]
INFO: [ view_end ] --START--
INFO: ShowPageTrace Behavior ::run [ RunTime:0.006097s ]
INFO: [ view_end ] --END-- [ RunTime:0.006161s ]

[ 2013-12-10T09:07:31+08:00 ] 10.0.2.2 /Sign/signin
INFO: [ route_check ] --START--
INFO: CheckRoute Behavior ::run [ RunTime:0.006115s ]
INFO: [ route_check ] --END-- [ RunTime:0.006196s ]
INFO: [ app_begin ] --START--
INFO: ReadHtmlCache Behavior ::run [ RunTime:0.004418s ]
INFO: [ app_begin ] --END-- [ RunTime:0.004498s ]
INFO: [ view_parse ] --START--
NOTIC: [8] Undefined variable: user /home/www/php/www.demo.com/Blog/Runtime/Cache/2e3f1b7729bfc97f1b1f997fd13d4af5.php 第 17 行.
NOTIC: [8] Undefined variable: user /home/www/php/www.demo.com/Blog/Runtime/Cache/2e3f1b7729bfc97f1b1f997fd13d4af5.php 第 22 行.
NOTIC: [8] Undefined variable: info /home/www/php/www.demo.com/Blog/Runtime/Cache/2e3f1b7729bfc97f1b1f997fd13d4af5.php 第 30 行.
INFO: ParseTemplate Behavior ::run [ RunTime:0.064295s ]
INFO: [ view_parse ] --END-- [ RunTime:0.064368s ]
INFO: [ view_filter ] --START--
INFO: ContentReplace Behavior ::run [ RunTime:0.005514s ]
INFO: TokenBuild Behavior ::run [ RunTime:0.004489s ]
INFO: WriteHtmlCache Behavior ::run [ RunTime:0.004414s ]
INFO: ShowRuntime Behavior ::run [ RunTime:0.004728s ]
INFO: [ view_filter ] --END-- [ RunTime:0.019298s ]
INFO: [ view_end ] --START--
INFO: ShowPageTrace Behavior ::run [ RunTime:0.004965s ]
INFO: [ view_end ] --END-- [ RunTime:0.005015s ]

[ 2013-12-10T09:07:31+08:00 ] 10.0.2.2 /Sign/verify
INFO: [ route_check ] --START--
INFO: CheckRoute Behavior ::run [ RunTime:0.004107s ]
INFO: [ route_check ] --END-- [ RunTime:0.004184s ]
INFO: [ app_begin ] --START--
INFO: ReadHtmlCache Behavior ::run [ RunTime:0.005739s ]
INFO: [ app_begin ] --END-- [ RunTime:0.005812s ]

[ 2013-12-10T09:07:33+08:00 ] 10.0.2.2 /
INFO: [ app_begin ] --START--
INFO: ReadHtmlCache Behavior ::run [ RunTime:0.003210s ]
INFO: [ app_begin ] --END-- [ RunTime:0.003315s ]
SQL: SHOW COLUMNS FROM `think_post` [ RunTime:0.000562s ]
SQL: SELECT COUNT(*) AS tp_count FROM `think_post` LIMIT 1   [ RunTime:0.000140s ]
SQL: SELECT * FROM `think_post` ORDER BY id desc LIMIT 0,5   [ RunTime:0.000068s ]
INFO: [ view_parse ] --START--
INFO: ParseTemplate Behavior ::run [ RunTime:0.041389s ]
INFO: [ view_parse ] --END-- [ RunTime:0.041478s ]
INFO: [ view_filter ] --START--
INFO: ContentReplace Behavior ::run [ RunTime:0.003048s ]
INFO: TokenBuild Behavior ::run [ RunTime:0.002898s ]
INFO: WriteHtmlCache Behavior ::run [ RunTime:0.002440s ]
INFO: ShowRuntime Behavior ::run [ RunTime:0.002854s ]
INFO: [ view_filter ] --END-- [ RunTime:0.011463s ]
INFO: [ view_end ] --START--
INFO: ShowPageTrace Behavior ::run [ RunTime:0.003233s ]
INFO: [ view_end ] --END-- [ RunTime:0.003288s ]

[ 2013-12-10T09:08:34+08:00 ] 10.0.2.2 /Sign/signin
INFO: [ route_check ] --START--
INFO: CheckRoute Behavior ::run [ RunTime:0.004098s ]
INFO: [ route_check ] --END-- [ RunTime:0.004173s ]
INFO: [ app_begin ] --START--
INFO: ReadHtmlCache Behavior ::run [ RunTime:0.003526s ]
INFO: [ app_begin ] --END-- [ RunTime:0.003623s ]
INFO: [ view_parse ] --START--
NOTIC: [8] Undefined variable: user /home/www/php/www.demo.com/Blog/Runtime/Cache/2e3f1b7729bfc97f1b1f997fd13d4af5.php 第 17 行.
NOTIC: [8] Undefined variable: user /home/www/php/www.demo.com/Blog/Runtime/Cache/2e3f1b7729bfc97f1b1f997fd13d4af5.php 第 22 行.
NOTIC: [8] Undefined variable: info /home/www/php/www.demo.com/Blog/Runtime/Cache/2e3f1b7729bfc97f1b1f997fd13d4af5.php 第 30 行.
INFO: ParseTemplate Behavior ::run [ RunTime:0.038034s ]
INFO: [ view_parse ] --END-- [ RunTime:0.038095s ]
INFO: [ view_filter ] --START--
INFO: ContentReplace Behavior ::run [ RunTime:0.004765s ]
INFO: TokenBuild Behavior ::run [ RunTime:0.003426s ]
INFO: WriteHtmlCache Behavior ::run [ RunTime:0.002975s ]
INFO: ShowRuntime Behavior ::run [ RunTime:0.003633s ]
INFO: [ view_filter ] --END-- [ RunTime:0.014961s ]
INFO: [ view_end ] --START--
INFO: ShowPageTrace Behavior ::run [ RunTime:0.003497s ]
INFO: [ view_end ] --END-- [ RunTime:0.003563s ]

[ 2013-12-10T09:08:34+08:00 ] 10.0.2.2 /Sign/verify
INFO: [ route_check ] --START--
INFO: CheckRoute Behavior ::run [ RunTime:0.010259s ]
INFO: [ route_check ] --END-- [ RunTime:0.010393s ]
INFO: [ app_begin ] --START--
INFO: ReadHtmlCache Behavior ::run [ RunTime:0.004702s ]
INFO: [ app_begin ] --END-- [ RunTime:0.004804s ]

[ 2013-12-10T09:08:35+08:00 ] 10.0.2.2 /Sign/signup
INFO: [ route_check ] --START--
INFO: CheckRoute Behavior ::run [ RunTime:0.013308s ]
INFO: [ route_check ] --END-- [ RunTime:0.013398s ]
INFO: [ app_begin ] --START--
INFO: ReadHtmlCache Behavior ::run [ RunTime:0.004137s ]
INFO: [ app_begin ] --END-- [ RunTime:0.004207s ]
INFO: [ view_parse ] --START--
NOTIC: [8] Undefined variable: user /home/www/php/www.demo.com/Blog/Runtime/Cache/4dc111eaaa6b54fe7b5b5e3b05dea039.php 第 17 行.
NOTIC: [8] Undefined variable: user /home/www/php/www.demo.com/Blog/Runtime/Cache/4dc111eaaa6b54fe7b5b5e3b05dea039.php 第 22 行.
INFO: ParseTemplate Behavior ::run [ RunTime:0.053727s ]
INFO: [ view_parse ] --END-- [ RunTime:0.053802s ]
INFO: [ view_filter ] --START--
INFO: ContentReplace Behavior ::run [ RunTime:0.004434s ]
INFO: TokenBuild Behavior ::run [ RunTime:0.003972s ]
INFO: WriteHtmlCache Behavior ::run [ RunTime:0.003425s ]
INFO: ShowRuntime Behavior ::run [ RunTime:0.002356s ]
INFO: [ view_filter ] --END-- [ RunTime:0.014387s ]
INFO: [ view_end ] --START--
INFO: ShowPageTrace Behavior ::run [ RunTime:0.004454s ]
INFO: [ view_end ] --END-- [ RunTime:0.004609s ]

[ 2013-12-10T09:08:40+08:00 ] 10.0.2.2 /Sign/signin
INFO: [ route_check ] --START--
INFO: CheckRoute Behavior ::run [ RunTime:0.004728s ]
INFO: [ route_check ] --END-- [ RunTime:0.004824s ]
INFO: [ app_begin ] --START--
INFO: ReadHtmlCache Behavior ::run [ RunTime:0.006280s ]
INFO: [ app_begin ] --END-- [ RunTime:0.006354s ]
INFO: [ view_parse ] --START--
NOTIC: [8] Undefined variable: user /home/www/php/www.demo.com/Blog/Runtime/Cache/2e3f1b7729bfc97f1b1f997fd13d4af5.php 第 17 行.
NOTIC: [8] Undefined variable: user /home/www/php/www.demo.com/Blog/Runtime/Cache/2e3f1b7729bfc97f1b1f997fd13d4af5.php 第 22 行.
NOTIC: [8] Undefined variable: info /home/www/php/www.demo.com/Blog/Runtime/Cache/2e3f1b7729bfc97f1b1f997fd13d4af5.php 第 30 行.
INFO: ParseTemplate Behavior ::run [ RunTime:0.040465s ]
INFO: [ view_parse ] --END-- [ RunTime:0.040550s ]
INFO: [ view_filter ] --START--
INFO: ContentReplace Behavior ::run [ RunTime:0.004348s ]
INFO: TokenBuild Behavior ::run [ RunTime:0.002494s ]
INFO: WriteHtmlCache Behavior ::run [ RunTime:0.003865s ]
INFO: ShowRuntime Behavior ::run [ RunTime:0.003986s ]
INFO: [ view_filter ] --END-- [ RunTime:0.014903s ]
INFO: [ view_end ] --START--
INFO: ShowPageTrace Behavior ::run [ RunTime:0.003832s ]
INFO: [ view_end ] --END-- [ RunTime:0.003874s ]

[ 2013-12-10T09:08:40+08:00 ] 10.0.2.2 /Sign/verify
INFO: [ route_check ] --START--
INFO: CheckRoute Behavior ::run [ RunTime:0.003934s ]
INFO: [ route_check ] --END-- [ RunTime:0.004028s ]
INFO: [ app_begin ] --START--
INFO: ReadHtmlCache Behavior ::run [ RunTime:0.003559s ]
INFO: [ app_begin ] --END-- [ RunTime:0.003618s ]

[ 2013-12-10T09:08:47+08:00 ] 10.0.2.2 /
INFO: [ app_begin ] --START--
INFO: ReadHtmlCache Behavior ::run [ RunTime:0.003549s ]
INFO: [ app_begin ] --END-- [ RunTime:0.003649s ]
SQL: SHOW COLUMNS FROM `think_post` [ RunTime:0.000549s ]
SQL: SELECT COUNT(*) AS tp_count FROM `think_post` LIMIT 1   [ RunTime:0.000129s ]
SQL: SELECT * FROM `think_post` ORDER BY id desc LIMIT 0,5   [ RunTime:0.000060s ]
INFO: [ view_parse ] --START--
INFO: ParseTemplate Behavior ::run [ RunTime:0.037287s ]
INFO: [ view_parse ] --END-- [ RunTime:0.037375s ]
INFO: [ view_filter ] --START--
INFO: ContentReplace Behavior ::run [ RunTime:0.004769s ]
INFO: TokenBuild Behavior ::run [ RunTime:0.003450s ]
INFO: WriteHtmlCache Behavior ::run [ RunTime:0.003308s ]
INFO: ShowRuntime Behavior ::run [ RunTime:0.003485s ]
INFO: [ view_filter ] --END-- [ RunTime:0.015154s ]
INFO: [ view_end ] --START--
INFO: ShowPageTrace Behavior ::run [ RunTime:0.004308s ]
INFO: [ view_end ] --END-- [ RunTime:0.004935s ]

[ 2013-12-10T09:09:19+08:00 ] 10.0.2.2 /
INFO: [ app_begin ] --START--
INFO: ReadHtmlCache Behavior ::run [ RunTime:0.003262s ]
INFO: [ app_begin ] --END-- [ RunTime:0.003372s ]
SQL: SHOW COLUMNS FROM `think_post` [ RunTime:0.001199s ]
SQL: SELECT COUNT(*) AS tp_count FROM `think_post` LIMIT 1   [ RunTime:0.000116s ]
SQL: SELECT * FROM `think_post` ORDER BY id desc LIMIT 0,5   [ RunTime:0.000063s ]
INFO: [ view_parse ] --START--
INFO: ParseTemplate Behavior ::run [ RunTime:0.039196s ]
INFO: [ view_parse ] --END-- [ RunTime:0.039284s ]
INFO: [ view_filter ] --START--
INFO: ContentReplace Behavior ::run [ RunTime:0.004839s ]
INFO: TokenBuild Behavior ::run [ RunTime:0.003694s ]
INFO: WriteHtmlCache Behavior ::run [ RunTime:0.003468s ]
INFO: ShowRuntime Behavior ::run [ RunTime:0.003431s ]
INFO: [ view_filter ] --END-- [ RunTime:0.015644s ]
INFO: [ view_end ] --START--
INFO: ShowPageTrace Behavior ::run [ RunTime:0.003937s ]
INFO: [ view_end ] --END-- [ RunTime:0.003979s ]

[ 2013-12-10T09:09:21+08:00 ] 10.0.2.2 /Sign/signin
INFO: [ route_check ] --START--
INFO: CheckRoute Behavior ::run [ RunTime:0.004296s ]
INFO: [ route_check ] --END-- [ RunTime:0.004382s ]
INFO: [ app_begin ] --START--
INFO: ReadHtmlCache Behavior ::run [ RunTime:0.004169s ]
INFO: [ app_begin ] --END-- [ RunTime:0.004249s ]
INFO: [ view_parse ] --START--
NOTIC: [8] Undefined variable: user /home/www/php/www.demo.com/Blog/Runtime/Cache/2e3f1b7729bfc97f1b1f997fd13d4af5.php 第 17 行.
NOTIC: [8] Undefined variable: user /home/www/php/www.demo.com/Blog/Runtime/Cache/2e3f1b7729bfc97f1b1f997fd13d4af5.php 第 22 行.
NOTIC: [8] Undefined variable: info /home/www/php/www.demo.com/Blog/Runtime/Cache/2e3f1b7729bfc97f1b1f997fd13d4af5.php 第 30 行.
INFO: ParseTemplate Behavior ::run [ RunTime:0.054105s ]
INFO: [ view_parse ] --END-- [ RunTime:0.054168s ]
INFO: [ view_filter ] --START--
INFO: ContentReplace Behavior ::run [ RunTime:0.003104s ]
INFO: TokenBuild Behavior ::run [ RunTime:0.004030s ]
INFO: WriteHtmlCache Behavior ::run [ RunTime:0.004937s ]
INFO: ShowRuntime Behavior ::run [ RunTime:0.005257s ]
INFO: [ view_filter ] --END-- [ RunTime:0.017510s ]
INFO: [ view_end ] --START--
INFO: ShowPageTrace Behavior ::run [ RunTime:0.006271s ]
INFO: [ view_end ] --END-- [ RunTime:0.006354s ]

[ 2013-12-10T09:09:21+08:00 ] 10.0.2.2 /Sign/verify
INFO: [ route_check ] --START--
INFO: CheckRoute Behavior ::run [ RunTime:0.006623s ]
INFO: [ route_check ] --END-- [ RunTime:0.006708s ]
INFO: [ app_begin ] --START--
INFO: ReadHtmlCache Behavior ::run [ RunTime:0.005364s ]
INFO: [ app_begin ] --END-- [ RunTime:0.005453s ]

[ 2013-12-10T09:09:22+08:00 ] 10.0.2.2 /Sign/signup
INFO: [ route_check ] --START--
INFO: CheckRoute Behavior ::run [ RunTime:0.004910s ]
INFO: [ route_check ] --END-- [ RunTime:0.004992s ]
INFO: [ app_begin ] --START--
INFO: ReadHtmlCache Behavior ::run [ RunTime:0.003059s ]
INFO: [ app_begin ] --END-- [ RunTime:0.003115s ]
INFO: [ view_parse ] --START--
NOTIC: [8] Undefined variable: user /home/www/php/www.demo.com/Blog/Runtime/Cache/4dc111eaaa6b54fe7b5b5e3b05dea039.php 第 17 行.
NOTIC: [8] Undefined variable: user /home/www/php/www.demo.com/Blog/Runtime/Cache/4dc111eaaa6b54fe7b5b5e3b05dea039.php 第 22 行.
INFO: ParseTemplate Behavior ::run [ RunTime:0.047841s ]
INFO: [ view_parse ] --END-- [ RunTime:0.047908s ]
INFO: [ view_filter ] --START--
INFO: ContentReplace Behavior ::run [ RunTime:0.002940s ]
INFO: TokenBuild Behavior ::run [ RunTime:0.003392s ]
INFO: WriteHtmlCache Behavior ::run [ RunTime:0.003546s ]
INFO: ShowRuntime Behavior ::run [ RunTime:0.003692s ]
INFO: [ view_filter ] --END-- [ RunTime:0.013734s ]
INFO: [ view_end ] --START--
INFO: ShowPageTrace Behavior ::run [ RunTime:0.005327s ]
INFO: [ view_end ] --END-- [ RunTime:0.005388s ]

[ 2013-12-10T09:09:24+08:00 ] 10.0.2.2 /Sign/signin
INFO: [ route_check ] --START--
INFO: CheckRoute Behavior ::run [ RunTime:0.002731s ]
INFO: [ route_check ] --END-- [ RunTime:0.002819s ]
INFO: [ app_begin ] --START--
INFO: ReadHtmlCache Behavior ::run [ RunTime:0.004539s ]
INFO: [ app_begin ] --END-- [ RunTime:0.004599s ]
INFO: [ view_parse ] --START--
NOTIC: [8] Undefined variable: user /home/www/php/www.demo.com/Blog/Runtime/Cache/2e3f1b7729bfc97f1b1f997fd13d4af5.php 第 17 行.
NOTIC: [8] Undefined variable: user /home/www/php/www.demo.com/Blog/Runtime/Cache/2e3f1b7729bfc97f1b1f997fd13d4af5.php 第 22 行.
NOTIC: [8] Undefined variable: info /home/www/php/www.demo.com/Blog/Runtime/Cache/2e3f1b7729bfc97f1b1f997fd13d4af5.php 第 30 行.
INFO: ParseTemplate Behavior ::run [ RunTime:0.037144s ]
INFO: [ view_parse ] --END-- [ RunTime:0.037205s ]
INFO: [ view_filter ] --START--
INFO: ContentReplace Behavior ::run [ RunTime:0.004666s ]
INFO: TokenBuild Behavior ::run [ RunTime:0.003443s ]
INFO: WriteHtmlCache Behavior ::run [ RunTime:0.003205s ]
INFO: ShowRuntime Behavior ::run [ RunTime:0.004524s ]
INFO: [ view_filter ] --END-- [ RunTime:0.016009s ]
INFO: [ view_end ] --START--
INFO: ShowPageTrace Behavior ::run [ RunTime:0.004558s ]
INFO: [ view_end ] --END-- [ RunTime:0.004619s ]

[ 2013-12-10T09:09:24+08:00 ] 10.0.2.2 /Sign/verify
INFO: [ route_check ] --START--
INFO: CheckRoute Behavior ::run [ RunTime:0.013453s ]
INFO: [ route_check ] --END-- [ RunTime:0.013548s ]
INFO: [ app_begin ] --START--
INFO: ReadHtmlCache Behavior ::run [ RunTime:0.004422s ]
INFO: [ app_begin ] --END-- [ RunTime:0.004502s ]

[ 2013-12-10T09:09:25+08:00 ] 10.0.2.2 /
INFO: [ app_begin ] --START--
INFO: ReadHtmlCache Behavior ::run [ RunTime:0.003903s ]
INFO: [ app_begin ] --END-- [ RunTime:0.003973s ]
SQL: SHOW COLUMNS FROM `think_post` [ RunTime:0.000560s ]
SQL: SELECT COUNT(*) AS tp_count FROM `think_post` LIMIT 1   [ RunTime:0.000101s ]
SQL: SELECT * FROM `think_post` ORDER BY id desc LIMIT 0,5   [ RunTime:0.000061s ]
INFO: [ view_parse ] --START--
INFO: ParseTemplate Behavior ::run [ RunTime:0.039264s ]
INFO: [ view_parse ] --END-- [ RunTime:0.039370s ]
INFO: [ view_filter ] --START--
INFO: ContentReplace Behavior ::run [ RunTime:0.003838s ]
INFO: TokenBuild Behavior ::run [ RunTime:0.002759s ]
INFO: WriteHtmlCache Behavior ::run [ RunTime:0.002759s ]
INFO: ShowRuntime Behavior ::run [ RunTime:0.002744s ]
INFO: [ view_filter ] --END-- [ RunTime:0.012255s ]
INFO: [ view_end ] --START--
INFO: ShowPageTrace Behavior ::run [ RunTime:0.004275s ]
INFO: [ view_end ] --END-- [ RunTime:0.004341s ]

